Started GET "/" for 127.0.0.1 at 2021-06-25 14:32:42 +0200
  [1m[35m (4.4ms)[0m  [1m[34mSELECT sqlite_version(*)[0m
  [1m[35m (13.4ms)[0m  [1m[35mCREATE TABLE "schema_migrations" ("version" varchar NOT NULL PRIMARY KEY)[0m
  [1m[35m (10.6ms)[0m  [1m[35mCREATE TABLE "ar_internal_metadata" ("key" varchar NOT NULL PRIMARY KEY, "value" varchar, "created_at" datetime(6) NOT NULL, "updated_at" datetime(6) NOT NULL)[0m
  [1m[35m (1.2ms)[0m  [1m[34mSELECT "schema_migrations"."version" FROM "schema_migrations" ORDER BY "schema_migrations"."version" ASC[0m
  
ActiveRecord::PendingMigrationError (

Migrations are pending. To resolve this issue, run:

        bin/rails db:migrate RAILS_ENV=development

You have 6 pending migrations:

20210612164639_create_posts.rb
20210613162933_create_users.rb
20210613172448_add_image_name_to_users.rb
20210613184308_add_passworddigest_to_users.rb
20210613201332_add_userid_to_posts.rb
20210613203236_create_likes.rb


):
  
activerecord (6.1.4) lib/active_record/migration.rb:625:in `check_pending!'
activerecord (6.1.4) lib/active_record/migration.rb:590:in `block (2 levels) in call'
activesupport (6.1.4) lib/active_support/evented_file_update_checker.rb:59:in `execute'
activerecord (6.1.4) lib/active_record/migration.rb:595:in `block in call'
activerecord (6.1.4) lib/active_record/migration.rb:587:in `synchronize'
activerecord (6.1.4) lib/active_record/migration.rb:587:in `call'
actionpack (6.1.4) lib/action_dispatch/middleware/callbacks.rb:27:in `block in call'
activesupport (6.1.4) lib/active_support/callbacks.rb:98:in `run_callbacks'
actionpack (6.1.4) lib/action_dispatch/middleware/callbacks.rb:26:in `call'
actionpack (6.1.4) lib/action_dispatch/middleware/executor.rb:14:in `call'
actionpack (6.1.4) lib/action_dispatch/middleware/actionable_exceptions.rb:18:in `call'
actionpack (6.1.4) lib/action_dispatch/middleware/debug_exceptions.rb:29:in `call'
web-console (4.1.0) lib/web_console/middleware.rb:132:in `call_app'
web-console (4.1.0) lib/web_console/middleware.rb:28:in `block in call'
web-console (4.1.0) lib/web_console/middleware.rb:17:in `catch'
web-console (4.1.0) lib/web_console/middleware.rb:17:in `call'
actionpack (6.1.4) lib/action_dispatch/middleware/show_exceptions.rb:33:in `call'
railties (6.1.4) lib/rails/rack/logger.rb:37:in `call_app'
railties (6.1.4) lib/rails/rack/logger.rb:26:in `block in call'
activesupport (6.1.4) lib/active_support/tagged_logging.rb:99:in `block in tagged'
activesupport (6.1.4) lib/active_support/tagged_logging.rb:37:in `tagged'
activesupport (6.1.4) lib/active_support/tagged_logging.rb:99:in `tagged'
railties (6.1.4) lib/rails/rack/logger.rb:26:in `call'
sprockets-rails (3.2.2) lib/sprockets/rails/quiet_assets.rb:13:in `call'
actionpack (6.1.4) lib/action_dispatch/middleware/remote_ip.rb:81:in `call'
actionpack (6.1.4) lib/action_dispatch/middleware/request_id.rb:26:in `call'
rack (2.2.3) lib/rack/method_override.rb:24:in `call'
rack (2.2.3) lib/rack/runtime.rb:22:in `call'
activesupport (6.1.4) lib/active_support/cache/strategy/local_cache_middleware.rb:29:in `call'
actionpack (6.1.4) lib/action_dispatch/middleware/executor.rb:14:in `call'
actionpack (6.1.4) lib/action_dispatch/middleware/static.rb:24:in `call'
rack (2.2.3) lib/rack/sendfile.rb:110:in `call'
actionpack (6.1.4) lib/action_dispatch/middleware/host_authorization.rb:98:in `call'
rack-mini-profiler (2.3.2) lib/mini_profiler/profiler.rb:384:in `call'
webpacker (5.4.0) lib/webpacker/dev_server_proxy.rb:25:in `perform_request'
rack-proxy (0.7.0) lib/rack/proxy.rb:63:in `call'
railties (6.1.4) lib/rails/engine.rb:539:in `call'
puma (5.3.2) lib/puma/configuration.rb:249:in `call'
puma (5.3.2) lib/puma/request.rb:77:in `block in handle_request'
puma (5.3.2) lib/puma/thread_pool.rb:338:in `with_force_shutdown'
puma (5.3.2) lib/puma/request.rb:76:in `handle_request'
puma (5.3.2) lib/puma/server.rb:438:in `process_client'
puma (5.3.2) lib/puma/thread_pool.rb:145:in `block in spawn_thread'
  [1m[35m (0.4ms)[0m  [1m[34mSELECT sqlite_version(*)[0m
  [1m[35m (0.1ms)[0m  [1m[34mSELECT "schema_migrations"."version" FROM "schema_migrations" ORDER BY "schema_migrations"."version" ASC[0m
Migrating to CreatePosts (20210612164639)
  [1m[36mTRANSACTION (0.1ms)[0m  [1m[36mbegin transaction[0m
  [1m[35m (0.3ms)[0m  [1m[35mCREATE TABLE "posts" ("id" integer PRIMARY KEY AUTOINCREMENT NOT NULL, "content" text, "created_at" datetime(6) NOT NULL, "updated_at" datetime(6) NOT NULL)[0m
  [1m[36mActiveRecord::SchemaMigration Create (0.2ms)[0m  [1m[32mINSERT INTO "schema_migrations" ("version") VALUES (?)[0m  [["version", "20210612164639"]]
  [1m[36mTRANSACTION (7.0ms)[0m  [1m[36mcommit transaction[0m
Migrating to CreateUsers (20210613162933)
  [1m[36mTRANSACTION (0.1ms)[0m  [1m[36mbegin transaction[0m
  [1m[35m (0.3ms)[0m  [1m[35mCREATE TABLE "users" ("id" integer PRIMARY KEY AUTOINCREMENT NOT NULL, "name" varchar, "email" varchar, "created_at" datetime(6) NOT NULL, "updated_at" datetime(6) NOT NULL)[0m
  [1m[36mActiveRecord::SchemaMigration Create (0.1ms)[0m  [1m[32mINSERT INTO "schema_migrations" ("version") VALUES (?)[0m  [["version", "20210613162933"]]
  [1m[36mTRANSACTION (4.1ms)[0m  [1m[36mcommit transaction[0m
Migrating to AddImageNameToUsers (20210613172448)
  [1m[36mTRANSACTION (0.1ms)[0m  [1m[36mbegin transaction[0m
  [1m[35m (0.4ms)[0m  [1m[35mALTER TABLE "users" ADD "image_name" varchar[0m
  [1m[36mActiveRecord::SchemaMigration Create (0.1ms)[0m  [1m[32mINSERT INTO "schema_migrations" ("version") VALUES (?)[0m  [["version", "20210613172448"]]
  [1m[36mTRANSACTION (3.6ms)[0m  [1m[36mcommit transaction[0m
Migrating to AddPassworddigestToUsers (20210613184308)
  [1m[36mTRANSACTION (0.1ms)[0m  [1m[36mbegin transaction[0m
  [1m[35m (0.4ms)[0m  [1m[35mALTER TABLE "users" ADD "password_digest" varchar[0m
  [1m[36mActiveRecord::SchemaMigration Create (0.2ms)[0m  [1m[32mINSERT INTO "schema_migrations" ("version") VALUES (?)[0m  [["version", "20210613184308"]]
  [1m[36mTRANSACTION (3.6ms)[0m  [1m[36mcommit transaction[0m
Migrating to AddUseridToPosts (20210613201332)
  [1m[36mTRANSACTION (0.1ms)[0m  [1m[36mbegin transaction[0m
  [1m[35m (0.5ms)[0m  [1m[35mALTER TABLE "posts" ADD "user_id" integer[0m
  [1m[36mActiveRecord::SchemaMigration Create (0.2ms)[0m  [1m[32mINSERT INTO "schema_migrations" ("version") VALUES (?)[0m  [["version", "20210613201332"]]
  [1m[36mTRANSACTION (9.8ms)[0m  [1m[36mcommit transaction[0m
Migrating to CreateLikes (20210613203236)
  [1m[36mTRANSACTION (0.1ms)[0m  [1m[36mbegin transaction[0m
  [1m[35m (0.3ms)[0m  [1m[35mCREATE TABLE "likes" ("id" integer PRIMARY KEY AUTOINCREMENT NOT NULL, "user_id" integer, "post_id" integer, "created_at" datetime(6) NOT NULL, "updated_at" datetime(6) NOT NULL)[0m
  [1m[36mActiveRecord::SchemaMigration Create (0.1ms)[0m  [1m[32mINSERT INTO "schema_migrations" ("version") VALUES (?)[0m  [["version", "20210613203236"]]
  [1m[36mTRANSACTION (11.8ms)[0m  [1m[36mcommit transaction[0m
  [1m[36mActiveRecord::InternalMetadata Load (0.2ms)[0m  [1m[34mSELECT "ar_internal_metadata".* FROM "ar_internal_metadata" WHERE "ar_internal_metadata"."key" = ? LIMIT ?[0m  [["key", "environment"], ["LIMIT", 1]]
  [1m[36mTRANSACTION (0.1ms)[0m  [1m[36mbegin transaction[0m
  [1m[36mActiveRecord::InternalMetadata Create (0.2ms)[0m  [1m[32mINSERT INTO "ar_internal_metadata" ("key", "value", "created_at", "updated_at") VALUES (?, ?, ?, ?)[0m  [["key", "environment"], ["value", "development"], ["created_at", "2021-06-25 12:36:25.649275"], ["updated_at", "2021-06-25 12:36:25.649275"]]
  [1m[36mTRANSACTION (3.3ms)[0m  [1m[36mcommit transaction[0m
  [1m[35m (0.1ms)[0m  [1m[34mSELECT sqlite_version(*)[0m
  [1m[35m (0.1ms)[0m  [1m[34mSELECT "schema_migrations"."version" FROM "schema_migrations" ORDER BY "schema_migrations"."version" ASC[0m
Started GET "/" for 127.0.0.1 at 2021-06-25 14:36:49 +0200
  [1m[35m (4.5ms)[0m  [1m[34mSELECT sqlite_version(*)[0m
  [1m[35m (0.2ms)[0m  [1m[34mSELECT "schema_migrations"."version" FROM "schema_migrations" ORDER BY "schema_migrations"."version" ASC[0m
Processing by Rails::WelcomeController#index as HTML
  Rendering /home/bnjmn43/.rbenv/versions/2.7.3/lib/ruby/gems/2.7.0/gems/railties-6.1.4/lib/rails/templates/rails/welcome/index.html.erb
  Rendered /home/bnjmn43/.rbenv/versions/2.7.3/lib/ruby/gems/2.7.0/gems/railties-6.1.4/lib/rails/templates/rails/welcome/index.html.erb (Duration: 5.9ms | Allocations: 336)
Completed 200 OK in 33ms (Views: 8.4ms | ActiveRecord: 0.0ms | Allocations: 2842)


Started GET "/" for 127.0.0.1 at 2021-06-25 14:41:58 +0200
Processing by Rails::WelcomeController#index as HTML
  Rendering /home/bnjmn43/.rbenv/versions/2.7.3/lib/ruby/gems/2.7.0/gems/railties-6.1.4/lib/rails/templates/rails/welcome/index.html.erb
  Rendered /home/bnjmn43/.rbenv/versions/2.7.3/lib/ruby/gems/2.7.0/gems/railties-6.1.4/lib/rails/templates/rails/welcome/index.html.erb (Duration: 9.3ms | Allocations: 219)
Completed 200 OK in 18ms (Views: 15.3ms | ActiveRecord: 0.0ms | Allocations: 1977)


Started GET "/" for 127.0.0.1 at 2021-06-25 14:42:00 +0200
Processing by Rails::WelcomeController#index as HTML
  Rendering /home/bnjmn43/.rbenv/versions/2.7.3/lib/ruby/gems/2.7.0/gems/railties-6.1.4/lib/rails/templates/rails/welcome/index.html.erb
  Rendered /home/bnjmn43/.rbenv/versions/2.7.3/lib/ruby/gems/2.7.0/gems/railties-6.1.4/lib/rails/templates/rails/welcome/index.html.erb (Duration: 0.3ms | Allocations: 49)
Completed 200 OK in 2ms (Views: 1.2ms | ActiveRecord: 0.0ms | Allocations: 346)


Started GET "/" for 127.0.0.1 at 2021-06-25 14:42:01 +0200
Processing by Rails::WelcomeController#index as HTML
  Rendering /home/bnjmn43/.rbenv/versions/2.7.3/lib/ruby/gems/2.7.0/gems/railties-6.1.4/lib/rails/templates/rails/welcome/index.html.erb
  Rendered /home/bnjmn43/.rbenv/versions/2.7.3/lib/ruby/gems/2.7.0/gems/railties-6.1.4/lib/rails/templates/rails/welcome/index.html.erb (Duration: 0.3ms | Allocations: 49)
Completed 200 OK in 2ms (Views: 1.5ms | ActiveRecord: 0.0ms | Allocations: 345)


Started GET "/" for 127.0.0.1 at 2021-06-25 14:42:31 +0200
  [1m[35m (0.4ms)[0m  [1m[34mSELECT sqlite_version(*)[0m
  [1m[35m (0.2ms)[0m  [1m[34mSELECT "schema_migrations"."version" FROM "schema_migrations" ORDER BY "schema_migrations"."version" ASC[0m
Processing by HomeController#top as HTML
Completed 500 Internal Server Error in 15ms (ActiveRecord: 0.0ms | Allocations: 1932)


  
LoadError (cannot load such file -- bcrypt):
  
app/models/user.rb:2:in `<class:User>'
app/models/user.rb:1:in `<main>'
app/controllers/application_controller.rb:5:in `set_current_user'
Started GET "/" for 127.0.0.1 at 2021-06-25 14:44:31 +0200
Processing by HomeController#top as HTML
Completed 500 Internal Server Error in 15ms (ActiveRecord: 0.0ms | Allocations: 2711)


  
LoadError (cannot load such file -- bcrypt):
  
app/models/user.rb:2:in `<class:User>'
app/models/user.rb:1:in `<main>'
app/controllers/application_controller.rb:5:in `set_current_user'
Started GET "/" for 127.0.0.1 at 2021-06-25 14:44:34 +0200
Processing by HomeController#top as HTML
Completed 500 Internal Server Error in 2ms (ActiveRecord: 0.0ms | Allocations: 902)


  
LoadError (cannot load such file -- bcrypt):
  
app/models/user.rb:2:in `<class:User>'
app/models/user.rb:1:in `<main>'
app/controllers/application_controller.rb:5:in `set_current_user'
Started GET "/" for 127.0.0.1 at 2021-06-25 14:45:22 +0200
  [1m[35m (2.0ms)[0m  [1m[34mSELECT sqlite_version(*)[0m
  [1m[35m (0.2ms)[0m  [1m[34mSELECT "schema_migrations"."version" FROM "schema_migrations" ORDER BY "schema_migrations"."version" ASC[0m
Processing by HomeController#top as HTML
  [1m[36mUser Load (0.2ms)[0m  [1m[34mSELECT "users".* FROM "users" WHERE "users"."id" IS NULL LIMIT ?[0m  [["LIMIT", 1]]
  ↳ app/controllers/application_controller.rb:5:in `set_current_user'
  Rendering layout layouts/application.html.erb
  Rendering home/top.html.erb within layouts/application
  Rendered home/top.html.erb within layouts/application (Duration: 1.2ms | Allocations: 298)
  Rendered layout layouts/application.html.erb (Duration: 68.5ms | Allocations: 20963)
Completed 200 OK in 99ms (Views: 71.1ms | ActiveRecord: 0.5ms | Allocations: 25484)


Started GET "/login" for 127.0.0.1 at 2021-06-25 14:45:28 +0200
Processing by UsersController#login_form as HTML
  [1m[36mUser Load (0.1ms)[0m  [1m[34mSELECT "users".* FROM "users" WHERE "users"."id" IS NULL LIMIT ?[0m  [["LIMIT", 1]]
  ↳ app/controllers/application_controller.rb:5:in `set_current_user'
  Rendering layout layouts/application.html.erb
  Rendering users/login_form.html.erb within layouts/application
  Rendered users/login_form.html.erb within layouts/application (Duration: 1.8ms | Allocations: 341)
  Rendered layout layouts/application.html.erb (Duration: 9.4ms | Allocations: 1834)
Completed 200 OK in 21ms (Views: 14.7ms | ActiveRecord: 0.1ms | Allocations: 3513)


Started POST "/login" for 127.0.0.1 at 2021-06-25 14:45:35 +0200
Processing by UsersController#login as HTML
  Parameters: {"authenticity_token"=>"[FILTERED]", "email"=>"apple@rails.com", "password"=>"[FILTERED]"}
  [1m[36mUser Load (0.1ms)[0m  [1m[34mSELECT "users".* FROM "users" WHERE "users"."id" IS NULL LIMIT ?[0m  [["LIMIT", 1]]
  ↳ app/controllers/application_controller.rb:5:in `set_current_user'
  [1m[36mUser Load (0.2ms)[0m  [1m[34mSELECT "users".* FROM "users" WHERE "users"."email" = ? LIMIT ?[0m  [["email", "apple@rails.com"], ["LIMIT", 1]]
  ↳ app/controllers/users_controller.rb:61:in `login'
  Rendering layout layouts/application.html.erb
  Rendering users/login_form.html.erb within layouts/application
  Rendered users/login_form.html.erb within layouts/application (Duration: 0.3ms | Allocations: 110)
  Rendered layout layouts/application.html.erb (Duration: 9.6ms | Allocations: 1592)
Completed 200 OK in 31ms (Views: 14.8ms | ActiveRecord: 0.3ms | Allocations: 3362)


Started POST "/login" for 127.0.0.1 at 2021-06-25 14:45:46 +0200
Processing by UsersController#login as HTML
  Parameters: {"authenticity_token"=>"[FILTERED]", "email"=>"apple@rails.com", "password"=>"[FILTERED]"}
  [1m[36mUser Load (0.1ms)[0m  [1m[34mSELECT "users".* FROM "users" WHERE "users"."id" IS NULL LIMIT ?[0m  [["LIMIT", 1]]
  ↳ app/controllers/application_controller.rb:5:in `set_current_user'
  [1m[36mUser Load (0.1ms)[0m  [1m[34mSELECT "users".* FROM "users" WHERE "users"."email" = ? LIMIT ?[0m  [["email", "apple@rails.com"], ["LIMIT", 1]]
  ↳ app/controllers/users_controller.rb:61:in `login'
  Rendering layout layouts/application.html.erb
  Rendering users/login_form.html.erb within layouts/application
  Rendered users/login_form.html.erb within layouts/application (Duration: 0.4ms | Allocations: 110)
  Rendered layout layouts/application.html.erb (Duration: 14.8ms | Allocations: 1590)
Completed 200 OK in 42ms (Views: 20.3ms | ActiveRecord: 0.2ms | Allocations: 3245)


Started GET "/signup" for 127.0.0.1 at 2021-06-25 14:45:53 +0200
Processing by UsersController#new as HTML
  [1m[36mUser Load (0.1ms)[0m  [1m[34mSELECT "users".* FROM "users" WHERE "users"."id" IS NULL LIMIT ?[0m  [["LIMIT", 1]]
  ↳ app/controllers/application_controller.rb:5:in `set_current_user'
  Rendering layout layouts/application.html.erb
  Rendering users/new.html.erb within layouts/application
  Rendered users/new.html.erb within layouts/application (Duration: 1.5ms | Allocations: 349)
  Rendered layout layouts/application.html.erb (Duration: 16.8ms | Allocations: 1829)
Completed 200 OK in 48ms (Views: 18.2ms | ActiveRecord: 0.4ms | Allocations: 6338)


Started POST "/users/create" for 127.0.0.1 at 2021-06-25 14:46:04 +0200
Processing by UsersController#create as HTML
  Parameters: {"authenticity_token"=>"[FILTERED]", "name"=>"apple", "email"=>"apple@rails.com", "password"=>"[FILTERED]"}
  [1m[36mUser Load (0.1ms)[0m  [1m[34mSELECT "users".* FROM "users" WHERE "users"."id" IS NULL LIMIT ?[0m  [["LIMIT", 1]]
  ↳ app/controllers/application_controller.rb:5:in `set_current_user'
  [1m[36mTRANSACTION (0.1ms)[0m  [1m[36mbegin transaction[0m
  ↳ app/controllers/users_controller.rb:25:in `create'
  [1m[36mUser Exists? (0.2ms)[0m  [1m[34mSELECT 1 AS one FROM "users" WHERE "users"."email" = ? LIMIT ?[0m  [["email", "apple@rails.com"], ["LIMIT", 1]]
  ↳ app/controllers/users_controller.rb:25:in `create'
  [1m[36mUser Create (0.3ms)[0m  [1m[32mINSERT INTO "users" ("name", "email", "created_at", "updated_at", "image_name", "password_digest") VALUES (?, ?, ?, ?, ?, ?)[0m  [["name", "apple"], ["email", "apple@rails.com"], ["created_at", "2021-06-25 12:46:04.811563"], ["updated_at", "2021-06-25 12:46:04.811563"], ["image_name", "default_user.svg"], ["password_digest", "$2a$12$wtpJQjIMqOygo0rObRGil.toLLSgA8wNpRXq0WKXVfEqAJWfRHTze"]]
  ↳ app/controllers/users_controller.rb:25:in `create'
  [1m[36mTRANSACTION (3.4ms)[0m  [1m[36mcommit transaction[0m
  ↳ app/controllers/users_controller.rb:25:in `create'
Redirected to http://localhost:3000/users/1
Completed 302 Found in 398ms (ActiveRecord: 4.1ms | Allocations: 6343)


Started GET "/users/1" for 127.0.0.1 at 2021-06-25 14:46:04 +0200
Processing by UsersController#show as HTML
  Parameters: {"id"=>"1"}
  [1m[36mUser Load (0.2ms)[0m  [1m[34mSELECT "users".* FROM "users" WHERE "users"."id" = ? LIMIT ?[0m  [["id", 1], ["LIMIT", 1]]
  ↳ app/controllers/application_controller.rb:5:in `set_current_user'
  [1m[36mUser Load (0.1ms)[0m  [1m[34mSELECT "users".* FROM "users" WHERE "users"."id" = ? LIMIT ?[0m  [["id", 1], ["LIMIT", 1]]
  ↳ app/controllers/users_controller.rb:11:in `show'
  Rendering layout layouts/application.html.erb
  Rendering users/show.html.erb within layouts/application
  [1m[36mPost Load (0.1ms)[0m  [1m[34mSELECT "posts".* FROM "posts" WHERE "posts"."user_id" = ?[0m  [["user_id", 1]]
  ↳ app/views/users/show.html.erb:15
  Rendered users/show.html.erb within layouts/application (Duration: 14.8ms | Allocations: 3871)
  Rendered layout layouts/application.html.erb (Duration: 24.1ms | Allocations: 5405)
Completed 200 OK in 40ms (Views: 31.4ms | ActiveRecord: 0.6ms | Allocations: 7153)


Started GET "/posts/index" for 127.0.0.1 at 2021-06-25 14:46:13 +0200
Processing by PostsController#index as HTML
  [1m[36mUser Load (0.1ms)[0m  [1m[34mSELECT "users".* FROM "users" WHERE "users"."id" = ? LIMIT ?[0m  [["id", 1], ["LIMIT", 1]]
  ↳ app/controllers/application_controller.rb:5:in `set_current_user'
  Rendering layout layouts/application.html.erb
  Rendering posts/index.html.erb within layouts/application
  [1m[36mPost Load (0.2ms)[0m  [1m[34mSELECT "posts".* FROM "posts" ORDER BY "posts"."created_at" DESC[0m
  ↳ app/views/posts/index.html.erb:3
  Rendered posts/index.html.erb within layouts/application (Duration: 2.8ms | Allocations: 855)
  Rendered layout layouts/application.html.erb (Duration: 5.4ms | Allocations: 2376)
Completed 200 OK in 21ms (Views: 15.5ms | ActiveRecord: 0.3ms | Allocations: 3916)


Started GET "/users/1" for 127.0.0.1 at 2021-06-25 14:46:15 +0200
Processing by UsersController#show as HTML
  Parameters: {"id"=>"1"}
  [1m[36mUser Load (0.2ms)[0m  [1m[34mSELECT "users".* FROM "users" WHERE "users"."id" = ? LIMIT ?[0m  [["id", 1], ["LIMIT", 1]]
  ↳ app/controllers/application_controller.rb:5:in `set_current_user'
  [1m[36mUser Load (0.1ms)[0m  [1m[34mSELECT "users".* FROM "users" WHERE "users"."id" = ? LIMIT ?[0m  [["id", 1], ["LIMIT", 1]]
  ↳ app/controllers/users_controller.rb:11:in `show'
  Rendering layout layouts/application.html.erb
  Rendering users/show.html.erb within layouts/application
  [1m[36mPost Load (0.1ms)[0m  [1m[34mSELECT "posts".* FROM "posts" WHERE "posts"."user_id" = ?[0m  [["user_id", 1]]
  ↳ app/views/users/show.html.erb:15
  Rendered users/show.html.erb within layouts/application (Duration: 7.2ms | Allocations: 754)
  Rendered layout layouts/application.html.erb (Duration: 9.9ms | Allocations: 2273)
Completed 200 OK in 20ms (Views: 14.0ms | ActiveRecord: 0.4ms | Allocations: 3758)


Started GET "/posts/new" for 127.0.0.1 at 2021-06-25 14:46:16 +0200
Processing by PostsController#new as HTML
  [1m[36mUser Load (0.1ms)[0m  [1m[34mSELECT "users".* FROM "users" WHERE "users"."id" = ? LIMIT ?[0m  [["id", 1], ["LIMIT", 1]]
  ↳ app/controllers/application_controller.rb:5:in `set_current_user'
  Rendering layout layouts/application.html.erb
  Rendering posts/new.html.erb within layouts/application
  Rendered posts/new.html.erb within layouts/application (Duration: 3.0ms | Allocations: 317)
  Rendered layout layouts/application.html.erb (Duration: 7.6ms | Allocations: 1833)
Completed 200 OK in 20ms (Views: 9.2ms | ActiveRecord: 0.4ms | Allocations: 4850)


Started GET "/users/index" for 127.0.0.1 at 2021-06-25 14:46:17 +0200
Processing by UsersController#index as HTML
  [1m[36mUser Load (0.1ms)[0m  [1m[34mSELECT "users".* FROM "users" WHERE "users"."id" = ? LIMIT ?[0m  [["id", 1], ["LIMIT", 1]]
  ↳ app/controllers/application_controller.rb:5:in `set_current_user'
  Rendering layout layouts/application.html.erb
  Rendering users/index.html.erb within layouts/application
  [1m[36mUser Load (0.2ms)[0m  [1m[34mSELECT "users".* FROM "users"[0m
  ↳ app/views/users/index.html.erb:4
  Rendered users/index.html.erb within layouts/application (Duration: 26.3ms | Allocations: 865)
  Rendered layout layouts/application.html.erb (Duration: 28.6ms | Allocations: 2384)
Completed 200 OK in 34ms (Views: 30.4ms | ActiveRecord: 0.3ms | Allocations: 3460)


Started GET "/users/1" for 127.0.0.1 at 2021-06-25 14:46:20 +0200
Processing by UsersController#show as HTML
  Parameters: {"id"=>"1"}
  [1m[36mUser Load (0.1ms)[0m  [1m[34mSELECT "users".* FROM "users" WHERE "users"."id" = ? LIMIT ?[0m  [["id", 1], ["LIMIT", 1]]
  ↳ app/controllers/application_controller.rb:5:in `set_current_user'
  [1m[36mUser Load (0.1ms)[0m  [1m[34mSELECT "users".* FROM "users" WHERE "users"."id" = ? LIMIT ?[0m  [["id", 1], ["LIMIT", 1]]
  ↳ app/controllers/users_controller.rb:11:in `show'
  Rendering layout layouts/application.html.erb
  Rendering users/show.html.erb within layouts/application
  [1m[36mPost Load (0.1ms)[0m  [1m[34mSELECT "posts".* FROM "posts" WHERE "posts"."user_id" = ?[0m  [["user_id", 1]]
  ↳ app/views/users/show.html.erb:15
  Rendered users/show.html.erb within layouts/application (Duration: 1.8ms | Allocations: 753)
  Rendered layout layouts/application.html.erb (Duration: 8.7ms | Allocations: 2270)
Completed 200 OK in 14ms (Views: 9.2ms | ActiveRecord: 0.3ms | Allocations: 3756)


Started GET "/posts/index" for 127.0.0.1 at 2021-06-25 14:46:22 +0200
Processing by PostsController#index as HTML
  [1m[36mUser Load (0.1ms)[0m  [1m[34mSELECT "users".* FROM "users" WHERE "users"."id" = ? LIMIT ?[0m  [["id", 1], ["LIMIT", 1]]
  ↳ app/controllers/application_controller.rb:5:in `set_current_user'
  Rendering layout layouts/application.html.erb
  Rendering posts/index.html.erb within layouts/application
  [1m[36mPost Load (0.1ms)[0m  [1m[34mSELECT "posts".* FROM "posts" ORDER BY "posts"."created_at" DESC[0m
  ↳ app/views/posts/index.html.erb:3
  Rendered posts/index.html.erb within layouts/application (Duration: 3.8ms | Allocations: 660)
  Rendered layout layouts/application.html.erb (Duration: 8.4ms | Allocations: 2181)
Completed 200 OK in 14ms (Views: 11.0ms | ActiveRecord: 0.2ms | Allocations: 3152)


Started GET "/users/index" for 127.0.0.1 at 2021-06-25 14:46:29 +0200
Processing by UsersController#index as HTML
  [1m[36mUser Load (0.1ms)[0m  [1m[34mSELECT "users".* FROM "users" WHERE "users"."id" = ? LIMIT ?[0m  [["id", 1], ["LIMIT", 1]]
  ↳ app/controllers/application_controller.rb:5:in `set_current_user'
  Rendering layout layouts/application.html.erb
  Rendering users/index.html.erb within layouts/application
  [1m[36mUser Load (0.1ms)[0m  [1m[34mSELECT "users".* FROM "users"[0m
  ↳ app/views/users/index.html.erb:4
  Rendered users/index.html.erb within layouts/application (Duration: 1.8ms | Allocations: 684)
  Rendered layout layouts/application.html.erb (Duration: 3.7ms | Allocations: 2201)
Completed 200 OK in 7ms (Views: 4.2ms | ActiveRecord: 0.2ms | Allocations: 3156)


Started GET "/logout" for 127.0.0.1 at 2021-06-25 14:46:30 +0200
Processing by UsersController#logout as HTML
  [1m[36mUser Load (0.1ms)[0m  [1m[34mSELECT "users".* FROM "users" WHERE "users"."id" = ? LIMIT ?[0m  [["id", 1], ["LIMIT", 1]]
  ↳ app/controllers/application_controller.rb:5:in `set_current_user'
Redirected to http://localhost:3000/login
Completed 302 Found in 5ms (ActiveRecord: 0.1ms | Allocations: 795)


Started GET "/login" for 127.0.0.1 at 2021-06-25 14:46:30 +0200
Processing by UsersController#login_form as HTML
  [1m[36mUser Load (0.1ms)[0m  [1m[34mSELECT "users".* FROM "users" WHERE "users"."id" IS NULL LIMIT ?[0m  [["LIMIT", 1]]
  ↳ app/controllers/application_controller.rb:5:in `set_current_user'
  Rendering layout layouts/application.html.erb
  Rendering users/login_form.html.erb within layouts/application
  Rendered users/login_form.html.erb within layouts/application (Duration: 0.5ms | Allocations: 107)
  Rendered layout layouts/application.html.erb (Duration: 5.5ms | Allocations: 1590)
Completed 200 OK in 12ms (Views: 8.0ms | ActiveRecord: 0.1ms | Allocations: 2666)


Started GET "/login" for 127.0.0.1 at 2021-06-25 14:46:35 +0200
Processing by UsersController#login_form as HTML
  [1m[36mUser Load (0.1ms)[0m  [1m[34mSELECT "users".* FROM "users" WHERE "users"."id" IS NULL LIMIT ?[0m  [["LIMIT", 1]]
  ↳ app/controllers/application_controller.rb:5:in `set_current_user'
  Rendering layout layouts/application.html.erb
  Rendering users/login_form.html.erb within layouts/application
  Rendered users/login_form.html.erb within layouts/application (Duration: 0.3ms | Allocations: 107)
  Rendered layout layouts/application.html.erb (Duration: 5.6ms | Allocations: 1585)
Completed 200 OK in 12ms (Views: 7.5ms | ActiveRecord: 0.1ms | Allocations: 2650)


Started POST "/login" for 127.0.0.1 at 2021-06-25 14:46:42 +0200
Processing by UsersController#login as HTML
  Parameters: {"authenticity_token"=>"[FILTERED]", "email"=>"apple@rails.com", "password"=>"[FILTERED]"}
  [1m[36mUser Load (0.1ms)[0m  [1m[34mSELECT "users".* FROM "users" WHERE "users"."id" IS NULL LIMIT ?[0m  [["LIMIT", 1]]
  ↳ app/controllers/application_controller.rb:5:in `set_current_user'
  [1m[36mUser Load (0.1ms)[0m  [1m[34mSELECT "users".* FROM "users" WHERE "users"."email" = ? LIMIT ?[0m  [["email", "apple@rails.com"], ["LIMIT", 1]]
  ↳ app/controllers/users_controller.rb:61:in `login'
Redirected to http://localhost:3000/posts/index
Completed 302 Found in 377ms (ActiveRecord: 0.2ms | Allocations: 1542)


Started GET "/posts/index" for 127.0.0.1 at 2021-06-25 14:46:42 +0200
Processing by PostsController#index as HTML
  [1m[36mUser Load (0.1ms)[0m  [1m[34mSELECT "users".* FROM "users" WHERE "users"."id" = ? LIMIT ?[0m  [["id", 1], ["LIMIT", 1]]
  ↳ app/controllers/application_controller.rb:5:in `set_current_user'
  Rendering layout layouts/application.html.erb
  Rendering posts/index.html.erb within layouts/application
  [1m[36mPost Load (0.1ms)[0m  [1m[34mSELECT "posts".* FROM "posts" ORDER BY "posts"."created_at" DESC[0m
  ↳ app/views/posts/index.html.erb:3
  Rendered posts/index.html.erb within layouts/application (Duration: 1.6ms | Allocations: 660)
  Rendered layout layouts/application.html.erb (Duration: 8.7ms | Allocations: 2183)
Completed 200 OK in 14ms (Views: 9.6ms | ActiveRecord: 0.2ms | Allocations: 3161)


Started GET "/users/1" for 127.0.0.1 at 2021-06-25 14:46:48 +0200
Processing by UsersController#show as HTML
  Parameters: {"id"=>"1"}
  [1m[36mUser Load (0.1ms)[0m  [1m[34mSELECT "users".* FROM "users" WHERE "users"."id" = ? LIMIT ?[0m  [["id", 1], ["LIMIT", 1]]
  ↳ app/controllers/application_controller.rb:5:in `set_current_user'
  [1m[36mUser Load (0.1ms)[0m  [1m[34mSELECT "users".* FROM "users" WHERE "users"."id" = ? LIMIT ?[0m  [["id", 1], ["LIMIT", 1]]
  ↳ app/controllers/users_controller.rb:11:in `show'
  Rendering layout layouts/application.html.erb
  Rendering users/show.html.erb within layouts/application
  [1m[36mPost Load (0.1ms)[0m  [1m[34mSELECT "posts".* FROM "posts" WHERE "posts"."user_id" = ?[0m  [["user_id", 1]]
  ↳ app/views/users/show.html.erb:15
  Rendered users/show.html.erb within layouts/application (Duration: 1.8ms | Allocations: 753)
  Rendered layout layouts/application.html.erb (Duration: 8.0ms | Allocations: 2271)
Completed 200 OK in 13ms (Views: 8.6ms | ActiveRecord: 0.3ms | Allocations: 3755)


Started GET "/users/index" for 127.0.0.1 at 2021-06-25 14:46:50 +0200
Processing by UsersController#index as HTML
  [1m[36mUser Load (0.1ms)[0m  [1m[34mSELECT "users".* FROM "users" WHERE "users"."id" = ? LIMIT ?[0m  [["id", 1], ["LIMIT", 1]]
  ↳ app/controllers/application_controller.rb:5:in `set_current_user'
  Rendering layout layouts/application.html.erb
  Rendering users/index.html.erb within layouts/application
  [1m[36mUser Load (0.1ms)[0m  [1m[34mSELECT "users".* FROM "users"[0m
  ↳ app/views/users/index.html.erb:4
  Rendered users/index.html.erb within layouts/application (Duration: 1.7ms | Allocations: 684)
  Rendered layout layouts/application.html.erb (Duration: 6.8ms | Allocations: 2201)
Completed 200 OK in 11ms (Views: 8.2ms | ActiveRecord: 0.2ms | Allocations: 3156)


Started GET "/posts/index" for 127.0.0.1 at 2021-06-25 14:46:52 +0200
Processing by PostsController#index as HTML
  [1m[36mUser Load (1.0ms)[0m  [1m[34mSELECT "users".* FROM "users" WHERE "users"."id" = ? LIMIT ?[0m  [["id", 1], ["LIMIT", 1]]
  ↳ app/controllers/application_controller.rb:5:in `set_current_user'
  Rendering layout layouts/application.html.erb
  Rendering posts/index.html.erb within layouts/application
  [1m[36mPost Load (0.1ms)[0m  [1m[34mSELECT "posts".* FROM "posts" ORDER BY "posts"."created_at" DESC[0m
  ↳ app/views/posts/index.html.erb:3
  Rendered posts/index.html.erb within layouts/application (Duration: 1.7ms | Allocations: 660)
  Rendered layout layouts/application.html.erb (Duration: 3.8ms | Allocations: 2188)
Completed 200 OK in 8ms (Views: 4.3ms | ActiveRecord: 1.0ms | Allocations: 3159)


Started GET "/posts/new" for 127.0.0.1 at 2021-06-25 14:46:54 +0200
Processing by PostsController#new as HTML
  [1m[36mUser Load (0.1ms)[0m  [1m[34mSELECT "users".* FROM "users" WHERE "users"."id" = ? LIMIT ?[0m  [["id", 1], ["LIMIT", 1]]
  ↳ app/controllers/application_controller.rb:5:in `set_current_user'
  Rendering layout layouts/application.html.erb
  Rendering posts/new.html.erb within layouts/application
  Rendered posts/new.html.erb within layouts/application (Duration: 0.4ms | Allocations: 110)
  Rendered layout layouts/application.html.erb (Duration: 2.2ms | Allocations: 1639)
Completed 200 OK in 6ms (Views: 2.8ms | ActiveRecord: 0.1ms | Allocations: 2590)


Started GET "/users/1" for 127.0.0.1 at 2021-06-25 14:46:55 +0200
Processing by UsersController#show as HTML
  Parameters: {"id"=>"1"}
  [1m[36mUser Load (0.1ms)[0m  [1m[34mSELECT "users".* FROM "users" WHERE "users"."id" = ? LIMIT ?[0m  [["id", 1], ["LIMIT", 1]]
  ↳ app/controllers/application_controller.rb:5:in `set_current_user'
  [1m[36mUser Load (0.1ms)[0m  [1m[34mSELECT "users".* FROM "users" WHERE "users"."id" = ? LIMIT ?[0m  [["id", 1], ["LIMIT", 1]]
  ↳ app/controllers/users_controller.rb:11:in `show'
  Rendering layout layouts/application.html.erb
  Rendering users/show.html.erb within layouts/application
  [1m[36mPost Load (0.1ms)[0m  [1m[34mSELECT "posts".* FROM "posts" WHERE "posts"."user_id" = ?[0m  [["user_id", 1]]
  ↳ app/views/users/show.html.erb:15
  Rendered users/show.html.erb within layouts/application (Duration: 6.5ms | Allocations: 753)
  Rendered layout layouts/application.html.erb (Duration: 8.5ms | Allocations: 2270)
Completed 200 OK in 17ms (Views: 12.0ms | ActiveRecord: 0.3ms | Allocations: 3755)


